<?xml version="1.0" encoding="UTF-8"?>
<!-- Generated by org.testng.reporters.JUnitReportReporter -->
<testsuite hostname="DESKTOP-DC88U7M" failures="0" tests="1" name="Academy.HomePage" time="11.973" errors="0" timestamp="2020-06-05T23:42:06 CEST" skipped="0">
  <testcase classname="Academy.HomePage" name="basePageNavigator" time="11.973"/>
  <system-out/>
</testsuite> <!-- Academy.HomePage -->
